<?xml version="1.0" encoding="UTF-8"?>
<!-- Generated by org.testng.reporters.JUnitXMLReporter -->
<testsuite ignored="0" hostname="LAPTOP-99BUU02B" failures="0" tests="3" name="demo" time="42.804" errors="0" timestamp="2023-01-05T16:09:41 IST">
  <testcase classname="com.nt.magento.tests.ApplicationTest" name="verifyApplicationLogo" time="5.412"/>
  <testcase classname="com.nt.magento.tests.ApplicationTest" name="verifySignIn" time="7.508"/>
  <testcase classname="com.nt.magento.tests.ApplicationTest" name="verifyCreateAnAccount" time="7.005"/>
</testsuite> <!-- demo -->
