<?xml version="1.0" encoding="UTF-8"?>
<!-- Generated by org.testng.reporters.JUnitXMLReporter -->
<testsuite ignored="0" hostname="LAPTOP-99BUU02B" failures="0" tests="4" name="Test" time="64.421" errors="0" timestamp="2023-01-11T20:15:00 IST">
  <testcase classname="com.nt.magento.tests.LoginPageTest" name="verifCustomerLoginText" time="6.394"/>
  <testcase classname="com.nt.magento.tests.LoginPageTest" name="verifValidCustomerLogin" time="10.712"/>
  <testcase classname="com.nt.magento.tests.LoginPageTest" name="verifValidCustomerLogin" time="9.895"/>
  <testcase classname="com.nt.magento.tests.LoginPageTest" name="verifValidCustomerLogin" time="8.693"/>
</testsuite> <!-- Test -->
