<?xml version="1.0" encoding="UTF-8"?>
<!-- Generated by org.testng.reporters.JUnitXMLReporter -->
<testsuite ignored="3" hostname="LAPTOP-99BUU02B" failures="0" tests="0" time="0.031" errors="0" timestamp="2023-01-08T14:55:17 IST">
  <testcase classname="com.nt.magento.tests.HomePageTest" name="verifyCreateAnAccount" time="0.0">
    <ignored/>
  </testcase> <!-- verifyCreateAnAccount -->
  <testcase classname="com.nt.magento.tests.HomePageTest" name="verifyApplicationLogo" time="0.0">
    <ignored/>
  </testcase> <!-- verifyApplicationLogo -->
  <testcase classname="com.nt.magento.tests.HomePageTest" name="verifySignIn" time="0.0">
    <ignored/>
  </testcase> <!-- verifySignIn -->
</testsuite>
