<?xml version="1.0" encoding="UTF-8"?>
<!-- Generated by org.testng.reporters.JUnitXMLReporter -->
<testsuite ignored="0" hostname="LAPTOP-99BUU02B" failures="0" tests="3" name="Test" time="51.831" errors="0" timestamp="2023-01-11T22:29:59 IST">
  <testcase classname="com.nt.magento.tests.HomePageTest" name="verifyApplicationLogo" time="7.233"/>
  <testcase classname="com.nt.magento.tests.HomePageTest" name="verifySignIn" time="8.332"/>
  <testcase classname="com.nt.magento.tests.HomePageTest" name="verifyCreateAnAccount" time="7.033"/>
</testsuite> <!-- Test -->
