<?xml version="1.0" encoding="UTF-8"?>
<!-- Generated by org.testng.reporters.JUnitXMLReporter -->
<testsuite ignored="0" hostname="LAPTOP-99BUU02B" failures="0" tests="3" name="Test1" time="29.557" errors="0" timestamp="2023-01-08T15:13:41 IST">
  <testcase classname="com.nt.magento.tests.HomePageTest" name="verifySignIn" time="8.374"/>
  <testcase classname="com.nt.magento.tests.HomePageTest" name="verifyApplicationLogo" time="8.45"/>
  <testcase classname="com.nt.magento.tests.HomePageTest" name="verifyCreateAnAccount" time="4.303"/>
</testsuite> <!-- Test1 -->
