<?xml version="1.0" encoding="UTF-8"?>
<!-- Generated by org.testng.reporters.JUnitXMLReporter -->
<testsuite hostname="LAPTOP-99BUU02B" ignored="0" name="Test" tests="3" failures="0" timestamp="2023-01-11T16:52:47 IST" time="53.436" errors="0">
  <testcase name="verifyApplicationLogo" time="11.088" classname="com.nt.magento.tests.HomePageTest"/>
  <testcase name="verifySignIn" time="5.546" classname="com.nt.magento.tests.HomePageTest"/>
  <testcase name="verifyCreateAnAccount" time="6.767" classname="com.nt.magento.tests.HomePageTest"/>
</testsuite> <!-- Test -->
