<?xml version="1.0" encoding="UTF-8"?>
<!-- Generated by org.testng.reporters.JUnitXMLReporter -->
<testsuite hostname="LAPTOP-99BUU02B" ignored="0" name="Test" tests="3" failures="0" timestamp="2023-01-18T20:34:18 IST" time="47.622" errors="0">
  <testcase name="verifyApplicationLogo" time="12.208" classname="com.nt.magento.tests.HomePageTest"/>
  <testcase name="verifySignIn" time="7.64" classname="com.nt.magento.tests.HomePageTest"/>
  <testcase name="verifyCreateAnAccount" time="12.057" classname="com.nt.magento.tests.HomePageTest"/>
</testsuite> <!-- Test -->
