<?xml version="1.0" encoding="UTF-8"?>
<testng-results skipped="0" failed="0" ignored="0" total="3" passed="3">
  <reporter-output>
  </reporter-output>
  <suite name="Suite" duration-ms="53436" started-at="2023-01-11T16:51:53 IST" finished-at="2023-01-11T16:52:47 IST">
    <groups>
    </groups>
    <test name="Test" duration-ms="53436" started-at="2023-01-11T16:51:53 IST" finished-at="2023-01-11T16:52:47 IST">
      <class name="com.nt.magento.tests.HomePageTest">
        <test-method status="PASS" signature="setupBrowser(java.lang.String)[pri:0, instance:com.nt.magento.tests.HomePageTest@e320068]" name="setupBrowser" is-config="true" duration-ms="13931" started-at="2023-01-11T16:51:53 IST" finished-at="2023-01-11T16:52:07 IST">
          <params>
            <param index="0">
              <value>
                <![CDATA[chrome]]>
              </value>
            </param>
          </params>
          <reporter-output>
          </reporter-output>
        </test-method> <!-- setupBrowser -->
        <test-method status="PASS" signature="verifyApplicationLogo()[pri:1, instance:com.nt.magento.tests.HomePageTest@e320068]" name="verifyApplicationLogo" duration-ms="11088" started-at="2023-01-11T16:52:07 IST" finished-at="2023-01-11T16:52:18 IST">
          <reporter-output>
          </reporter-output>
        </test-method> <!-- verifyApplicationLogo -->
        <test-method status="PASS" signature="teardownBrowser()[pri:0, instance:com.nt.magento.tests.HomePageTest@e320068]" name="teardownBrowser" is-config="true" duration-ms="1276" started-at="2023-01-11T16:52:18 IST" finished-at="2023-01-11T16:52:20 IST">
          <reporter-output>
          </reporter-output>
        </test-method> <!-- teardownBrowser -->
        <test-method status="PASS" signature="setupBrowser(java.lang.String)[pri:0, instance:com.nt.magento.tests.HomePageTest@e320068]" name="setupBrowser" is-config="true" duration-ms="7693" started-at="2023-01-11T16:52:20 IST" finished-at="2023-01-11T16:52:27 IST">
          <params>
            <param index="0">
              <value>
                <![CDATA[chrome]]>
              </value>
            </param>
          </params>
          <reporter-output>
          </reporter-output>
        </test-method> <!-- setupBrowser -->
        <test-method status="PASS" signature="verifySignIn()[pri:2, instance:com.nt.magento.tests.HomePageTest@e320068]" name="verifySignIn" duration-ms="5546" started-at="2023-01-11T16:52:27 IST" finished-at="2023-01-11T16:52:33 IST">
          <reporter-output>
          </reporter-output>
        </test-method> <!-- verifySignIn -->
        <test-method status="PASS" signature="teardownBrowser()[pri:0, instance:com.nt.magento.tests.HomePageTest@e320068]" name="teardownBrowser" is-config="true" duration-ms="1212" started-at="2023-01-11T16:52:33 IST" finished-at="2023-01-11T16:52:34 IST">
          <reporter-output>
          </reporter-output>
        </test-method> <!-- teardownBrowser -->
        <test-method status="PASS" signature="setupBrowser(java.lang.String)[pri:0, instance:com.nt.magento.tests.HomePageTest@e320068]" name="setupBrowser" is-config="true" duration-ms="4449" started-at="2023-01-11T16:52:34 IST" finished-at="2023-01-11T16:52:38 IST">
          <params>
            <param index="0">
              <value>
                <![CDATA[chrome]]>
              </value>
            </param>
          </params>
          <reporter-output>
          </reporter-output>
        </test-method> <!-- setupBrowser -->
        <test-method status="PASS" signature="verifyCreateAnAccount()[pri:3, instance:com.nt.magento.tests.HomePageTest@e320068]" name="verifyCreateAnAccount" duration-ms="6767" started-at="2023-01-11T16:52:38 IST" finished-at="2023-01-11T16:52:45 IST">
          <reporter-output>
          </reporter-output>
        </test-method> <!-- verifyCreateAnAccount -->
        <test-method status="PASS" signature="teardownBrowser()[pri:0, instance:com.nt.magento.tests.HomePageTest@e320068]" name="teardownBrowser" is-config="true" duration-ms="1402" started-at="2023-01-11T16:52:45 IST" finished-at="2023-01-11T16:52:47 IST">
          <reporter-output>
          </reporter-output>
        </test-method> <!-- teardownBrowser -->
      </class> <!-- com.nt.magento.tests.HomePageTest -->
    </test> <!-- Test -->
  </suite> <!-- Suite -->
</testng-results>
