<?xml version="1.0" encoding="UTF-8"?>
<testng-results ignored="0" total="4" passed="4" failed="0" skipped="0">
  <reporter-output>
  </reporter-output>
  <suite started-at="2023-01-11T20:13:56 IST" name="Suite" finished-at="2023-01-11T20:15:00 IST" duration-ms="64421">
    <groups>
      <group name="Swaroop">
        <method signature="LoginPageTest.verifValidCustomerLogin(java.lang.String,java.lang.String)[pri:2, instance:com.nt.magento.tests.LoginPageTest@3c7f66c4]" name="verifValidCustomerLogin" class="com.nt.magento.tests.LoginPageTest"/>
      </group> <!-- Swaroop -->
      <group name="Smoke">
        <method signature="LoginPageTest.verifCustomerLoginText()[pri:1, instance:com.nt.magento.tests.LoginPageTest@3c7f66c4]" name="verifCustomerLoginText" class="com.nt.magento.tests.LoginPageTest"/>
      </group> <!-- Smoke -->
    </groups>
    <test started-at="2023-01-11T20:13:56 IST" name="Test" finished-at="2023-01-11T20:15:00 IST" duration-ms="64421">
      <class name="com.nt.magento.tests.LoginPageTest">
        <test-method is-config="true" signature="setupBrowser(java.lang.String)[pri:0, instance:com.nt.magento.tests.LoginPageTest@3c7f66c4]" started-at="2023-01-11T20:13:56 IST" name="setupBrowser" finished-at="2023-01-11T20:14:06 IST" duration-ms="10426" status="PASS">
          <params>
            <param index="0">
              <value>
                <![CDATA[chrome]]>
              </value>
            </param>
          </params>
          <reporter-output>
          </reporter-output>
        </test-method> <!-- setupBrowser -->
        <test-method signature="verifCustomerLoginText()[pri:1, instance:com.nt.magento.tests.LoginPageTest@3c7f66c4]" started-at="2023-01-11T20:14:06 IST" name="verifCustomerLoginText" finished-at="2023-01-11T20:14:12 IST" duration-ms="6394" status="PASS">
          <reporter-output>
          </reporter-output>
        </test-method> <!-- verifCustomerLoginText -->
        <test-method is-config="true" signature="teardownBrowser()[pri:0, instance:com.nt.magento.tests.LoginPageTest@3c7f66c4]" started-at="2023-01-11T20:14:12 IST" name="teardownBrowser" finished-at="2023-01-11T20:14:13 IST" duration-ms="831" status="PASS">
          <reporter-output>
          </reporter-output>
        </test-method> <!-- teardownBrowser -->
        <test-method is-config="true" signature="setupBrowser(java.lang.String)[pri:0, instance:com.nt.magento.tests.LoginPageTest@3c7f66c4]" started-at="2023-01-11T20:14:15 IST" name="setupBrowser" finished-at="2023-01-11T20:14:21 IST" duration-ms="6056" status="PASS">
          <params>
            <param index="0">
              <value>
                <![CDATA[chrome]]>
              </value>
            </param>
          </params>
          <reporter-output>
          </reporter-output>
        </test-method> <!-- setupBrowser -->
        <test-method signature="verifValidCustomerLogin(java.lang.String,java.lang.String)[pri:2, instance:com.nt.magento.tests.LoginPageTest@3c7f66c4]" started-at="2023-01-11T20:14:21 IST" name="verifValidCustomerLogin" data-provider="testdata" finished-at="2023-01-11T20:14:31 IST" duration-ms="10712" status="PASS">
          <params>
            <param index="0">
              <value>
                <![CDATA[pratikpatil@gmail.com]]>
              </value>
            </param>
            <param index="1">
              <value>
                <![CDATA[Admin@123]]>
              </value>
            </param>
          </params>
          <reporter-output>
          </reporter-output>
        </test-method> <!-- verifValidCustomerLogin -->
        <test-method is-config="true" signature="teardownBrowser()[pri:0, instance:com.nt.magento.tests.LoginPageTest@3c7f66c4]" started-at="2023-01-11T20:14:31 IST" name="teardownBrowser" finished-at="2023-01-11T20:14:32 IST" duration-ms="816" status="PASS">
          <reporter-output>
          </reporter-output>
        </test-method> <!-- teardownBrowser -->
        <test-method is-config="true" signature="setupBrowser(java.lang.String)[pri:0, instance:com.nt.magento.tests.LoginPageTest@3c7f66c4]" started-at="2023-01-11T20:14:32 IST" name="setupBrowser" finished-at="2023-01-11T20:14:36 IST" duration-ms="3532" status="PASS">
          <params>
            <param index="0">
              <value>
                <![CDATA[chrome]]>
              </value>
            </param>
          </params>
          <reporter-output>
          </reporter-output>
        </test-method> <!-- setupBrowser -->
        <test-method signature="verifValidCustomerLogin(java.lang.String,java.lang.String)[pri:2, instance:com.nt.magento.tests.LoginPageTest@3c7f66c4]" started-at="2023-01-11T20:14:36 IST" name="verifValidCustomerLogin" data-provider="testdata" finished-at="2023-01-11T20:14:46 IST" duration-ms="9895" status="PASS">
          <params>
            <param index="0">
              <value>
                <![CDATA[pratik@gmail.com]]>
              </value>
            </param>
            <param index="1">
              <value>
                <![CDATA[Admin123]]>
              </value>
            </param>
          </params>
          <reporter-output>
          </reporter-output>
        </test-method> <!-- verifValidCustomerLogin -->
        <test-method is-config="true" signature="teardownBrowser()[pri:0, instance:com.nt.magento.tests.LoginPageTest@3c7f66c4]" started-at="2023-01-11T20:14:46 IST" name="teardownBrowser" finished-at="2023-01-11T20:14:48 IST" duration-ms="2086" status="PASS">
          <reporter-output>
          </reporter-output>
        </test-method> <!-- teardownBrowser -->
        <test-method is-config="true" signature="setupBrowser(java.lang.String)[pri:0, instance:com.nt.magento.tests.LoginPageTest@3c7f66c4]" started-at="2023-01-11T20:14:48 IST" name="setupBrowser" finished-at="2023-01-11T20:14:51 IST" duration-ms="3043" status="PASS">
          <params>
            <param index="0">
              <value>
                <![CDATA[chrome]]>
              </value>
            </param>
          </params>
          <reporter-output>
          </reporter-output>
        </test-method> <!-- setupBrowser -->
        <test-method signature="verifValidCustomerLogin(java.lang.String,java.lang.String)[pri:2, instance:com.nt.magento.tests.LoginPageTest@3c7f66c4]" started-at="2023-01-11T20:14:51 IST" name="verifValidCustomerLogin" data-provider="testdata" finished-at="2023-01-11T20:14:59 IST" duration-ms="8693" status="PASS">
          <params>
            <param index="0">
              <value>
                <![CDATA[aishwarya@gmail.com]]>
              </value>
            </param>
            <param index="1">
              <value>
                <![CDATA[swaro12345]]>
              </value>
            </param>
          </params>
          <reporter-output>
          </reporter-output>
        </test-method> <!-- verifValidCustomerLogin -->
        <test-method is-config="true" signature="teardownBrowser()[pri:0, instance:com.nt.magento.tests.LoginPageTest@3c7f66c4]" started-at="2023-01-11T20:14:59 IST" name="teardownBrowser" finished-at="2023-01-11T20:15:00 IST" duration-ms="544" status="PASS">
          <reporter-output>
          </reporter-output>
        </test-method> <!-- teardownBrowser -->
      </class> <!-- com.nt.magento.tests.LoginPageTest -->
    </test> <!-- Test -->
  </suite> <!-- Suite -->
</testng-results>
