<?xml version="1.0" encoding="UTF-8"?>
<testng-results ignored="0" total="3" passed="3" failed="0" skipped="0">
  <reporter-output>
  </reporter-output>
  <suite started-at="2023-01-11T22:29:08 IST" name="Suite" finished-at="2023-01-11T22:29:59 IST" duration-ms="51831">
    <groups>
    </groups>
    <test started-at="2023-01-11T22:29:08 IST" name="Test" finished-at="2023-01-11T22:29:59 IST" duration-ms="51831">
      <class name="com.nt.magento.tests.HomePageTest">
        <test-method is-config="true" signature="setupBrowser(java.lang.String)[pri:0, instance:com.nt.magento.tests.HomePageTest@3a44431a]" started-at="2023-01-11T22:29:08 IST" name="setupBrowser" finished-at="2023-01-11T22:29:25 IST" duration-ms="17254" status="PASS">
          <params>
            <param index="0">
              <value>
                <![CDATA[chrome]]>
              </value>
            </param>
          </params>
          <reporter-output>
          </reporter-output>
        </test-method> <!-- setupBrowser -->
        <test-method signature="verifyApplicationLogo()[pri:1, instance:com.nt.magento.tests.HomePageTest@3a44431a]" started-at="2023-01-11T22:29:25 IST" name="verifyApplicationLogo" finished-at="2023-01-11T22:29:32 IST" duration-ms="7233" status="PASS">
          <reporter-output>
          </reporter-output>
        </test-method> <!-- verifyApplicationLogo -->
        <test-method is-config="true" signature="teardownBrowser()[pri:0, instance:com.nt.magento.tests.HomePageTest@3a44431a]" started-at="2023-01-11T22:29:32 IST" name="teardownBrowser" finished-at="2023-01-11T22:29:34 IST" duration-ms="1842" status="PASS">
          <reporter-output>
          </reporter-output>
        </test-method> <!-- teardownBrowser -->
        <test-method is-config="true" signature="setupBrowser(java.lang.String)[pri:0, instance:com.nt.magento.tests.HomePageTest@3a44431a]" started-at="2023-01-11T22:29:34 IST" name="setupBrowser" finished-at="2023-01-11T22:29:38 IST" duration-ms="3834" status="PASS">
          <params>
            <param index="0">
              <value>
                <![CDATA[chrome]]>
              </value>
            </param>
          </params>
          <reporter-output>
          </reporter-output>
        </test-method> <!-- setupBrowser -->
        <test-method signature="verifySignIn()[pri:2, instance:com.nt.magento.tests.HomePageTest@3a44431a]" started-at="2023-01-11T22:29:38 IST" name="verifySignIn" finished-at="2023-01-11T22:29:46 IST" duration-ms="8332" status="PASS">
          <reporter-output>
          </reporter-output>
        </test-method> <!-- verifySignIn -->
        <test-method is-config="true" signature="teardownBrowser()[pri:0, instance:com.nt.magento.tests.HomePageTest@3a44431a]" started-at="2023-01-11T22:29:46 IST" name="teardownBrowser" finished-at="2023-01-11T22:29:47 IST" duration-ms="1219" status="PASS">
          <reporter-output>
          </reporter-output>
        </test-method> <!-- teardownBrowser -->
        <test-method is-config="true" signature="setupBrowser(java.lang.String)[pri:0, instance:com.nt.magento.tests.HomePageTest@3a44431a]" started-at="2023-01-11T22:29:47 IST" name="setupBrowser" finished-at="2023-01-11T22:29:52 IST" duration-ms="4289" status="PASS">
          <params>
            <param index="0">
              <value>
                <![CDATA[chrome]]>
              </value>
            </param>
          </params>
          <reporter-output>
          </reporter-output>
        </test-method> <!-- setupBrowser -->
        <test-method signature="verifyCreateAnAccount()[pri:3, instance:com.nt.magento.tests.HomePageTest@3a44431a]" started-at="2023-01-11T22:29:52 IST" name="verifyCreateAnAccount" finished-at="2023-01-11T22:29:59 IST" duration-ms="7033" status="PASS">
          <reporter-output>
          </reporter-output>
        </test-method> <!-- verifyCreateAnAccount -->
        <test-method is-config="true" signature="teardownBrowser()[pri:0, instance:com.nt.magento.tests.HomePageTest@3a44431a]" started-at="2023-01-11T22:29:59 IST" name="teardownBrowser" finished-at="2023-01-11T22:29:59 IST" duration-ms="700" status="PASS">
          <reporter-output>
          </reporter-output>
        </test-method> <!-- teardownBrowser -->
      </class> <!-- com.nt.magento.tests.HomePageTest -->
    </test> <!-- Test -->
  </suite> <!-- Suite -->
</testng-results>
