<?xml version="1.0" encoding="UTF-8"?>
<!-- Generated by org.testng.reporters.JUnitXMLReporter -->
<testsuite ignored="0" hostname="LAPTOP-99BUU02B" failures="2" tests="3" name="Test2" time="127.269" errors="0" timestamp="2023-01-08T13:55:51 IST">
  <testcase classname="com.nt.magento.webdriver.WebDriverCC" name="@AfterMethod teardownBrowser" time="4.077">
    <failure type="org.openqa.selenium.WebDriverException" message="Timed out waiting for driver server to stop.
Build info: version: &amp;apos;4.5.0&amp;apos;, revision: &amp;apos;fe167b119a&amp;apos;
System info: os.name: &amp;apos;Windows 10&amp;apos;, os.arch: &amp;apos;amd64&amp;apos;, os.version: &amp;apos;10.0&amp;apos;, java.version: &amp;apos;13.0.2&amp;apos;
Driver info: org.openqa.selenium.firefox.FirefoxDriver
Command: [9bc5e151-185a-4742-8a9a-2d34172b39da, quit {}]
Capabilities {acceptInsecureCerts: true, browserName: firefox, browserVersion: 108.0.2, moz:accessibilityChecks: false, moz:buildID: 20230104165113, moz:debuggerAddress: 127.0.0.1:60057, moz:geckodriverVersion: 0.32.0, moz:headless: false, moz:platformVersion: 10.0, moz:processID: 5540, moz:profile: C:\Users\91928\AppData\Loca..., moz:shutdownTimeout: 60000, moz:useNonSpecCompliantPointerOrigin: false, moz:webdriverClick: true, moz:windowless: false, pageLoadStrategy: normal, platformName: WINDOWS, proxy: Proxy(), se:cdp: ws://127.0.0.1:60057/devtoo..., se:cdpVersion: 85.0, setWindowRect: true, strictFileInteractability: false, timeouts: {implicit: 0, pageLoad: 300000, script: 30000}, unhandledPromptBehavior: dismiss and notify}">
      <![CDATA[org.openqa.selenium.WebDriverException: Timed out waiting for driver server to stop.
Build info: version: '4.5.0', revision: 'fe167b119a'
System info: os.name: 'Windows 10', os.arch: 'amd64', os.version: '10.0', java.version: '13.0.2'
Driver info: org.openqa.selenium.firefox.FirefoxDriver
Command: [9bc5e151-185a-4742-8a9a-2d34172b39da, quit {}]
Capabilities {acceptInsecureCerts: true, browserName: firefox, browserVersion: 108.0.2, moz:accessibilityChecks: false, moz:buildID: 20230104165113, moz:debuggerAddress: 127.0.0.1:60057, moz:geckodriverVersion: 0.32.0, moz:headless: false, moz:platformVersion: 10.0, moz:processID: 5540, moz:profile: C:\Users\91928\AppData\Loca..., moz:shutdownTimeout: 60000, moz:useNonSpecCompliantPointerOrigin: false, moz:webdriverClick: true, moz:windowless: false, pageLoadStrategy: normal, platformName: WINDOWS, proxy: Proxy(), se:cdp: ws://127.0.0.1:60057/devtoo..., se:cdpVersion: 85.0, setWindowRect: true, strictFileInteractability: false, timeouts: {implicit: 0, pageLoad: 300000, script: 30000}, unhandledPromptBehavior: dismiss and notify}
at org.openqa.selenium.remote.service.DriverCommandExecutor.execute(DriverCommandExecutor.java:132)
at org.openqa.selenium.remote.RemoteWebDriver.execute(RemoteWebDriver.java:547)
at org.openqa.selenium.remote.RemoteWebDriver.execute(RemoteWebDriver.java:602)
at org.openqa.selenium.remote.RemoteWebDriver.execute(RemoteWebDriver.java:606)
at org.openqa.selenium.remote.RemoteWebDriver.quit(RemoteWebDriver.java:443)
at com.nt.magento.webdriver.WebDriverCC.teardownBrowser(WebDriverCC.java:51)
at java.base/java.util.concurrent.ThreadPoolExecutor.runWorker(ThreadPoolExecutor.java:1128)
at java.base/java.util.concurrent.ThreadPoolExecutor$Worker.run(ThreadPoolExecutor.java:628)
at java.base/java.lang.Thread.run(Thread.java:830)
Caused by: java.util.concurrent.ExecutionException: java.lang.NullPointerException
at java.base/java.util.concurrent.CompletableFuture.reportGet(CompletableFuture.java:395)
at java.base/java.util.concurrent.CompletableFuture.get(CompletableFuture.java:2093)
at org.openqa.selenium.remote.service.DriverCommandExecutor.execute(DriverCommandExecutor.java:128)
... 25 more
Caused by: java.lang.NullPointerException
at org.openqa.selenium.remote.service.DriverCommandExecutor.lambda$execute$2(DriverCommandExecutor.java:122)
at java.base/java.util.concurrent.CompletableFuture$AsyncSupply.run(CompletableFuture.java:1771)
... 3 more
... Removed 17 stack frames]]>
    </failure>
  </testcase> <!-- @AfterMethod teardownBrowser -->
  <testcase classname="com.nt.magento.tests.LoginPageTest" name="verifValidCustomerLogin" time="15.516">
    <failure type="org.openqa.selenium.StaleElementReferenceException" message="The element reference of &amp;lt;a href=&amp;quot;https://magento.softwaretestingboard.com/customer/account/login/referer/aHR0cHM6Ly9tYWdlbnRvLnNvZnR3YXJldGVzdGluZ2JvYXJkLmNvbS8%2C/&amp;quot;&amp;gt; is stale; either the element is no longer attached to the DOM, it is not in the current frame context, or the document has been refreshed
For documentation on this error, please visit: https://selenium.dev/exceptions/#stale_element_reference
Build info: version: &amp;apos;4.5.0&amp;apos;, revision: &amp;apos;fe167b119a&amp;apos;
System info: os.name: &amp;apos;Windows 10&amp;apos;, os.arch: &amp;apos;amd64&amp;apos;, os.version: &amp;apos;10.0&amp;apos;, java.version: &amp;apos;13.0.2&amp;apos;
Driver info: org.openqa.selenium.firefox.FirefoxDriver
Command: [9bc5e151-185a-4742-8a9a-2d34172b39da, clickElement {id=5b158fe2-8ff4-492a-beca-5f8808d5dbbf}]
Capabilities {acceptInsecureCerts: true, browserName: firefox, browserVersion: 108.0.2, moz:accessibilityChecks: false, moz:buildID: 20230104165113, moz:debuggerAddress: 127.0.0.1:60057, moz:geckodriverVersion: 0.32.0, moz:headless: false, moz:platformVersion: 10.0, moz:processID: 5540, moz:profile: C:\Users\91928\AppData\Loca..., moz:shutdownTimeout: 60000, moz:useNonSpecCompliantPointerOrigin: false, moz:webdriverClick: true, moz:windowless: false, pageLoadStrategy: normal, platformName: WINDOWS, proxy: Proxy(), se:cdp: ws://127.0.0.1:60057/devtoo..., se:cdpVersion: 85.0, setWindowRect: true, strictFileInteractability: false, timeouts: {implicit: 0, pageLoad: 300000, script: 30000}, unhandledPromptBehavior: dismiss and notify}
Element: [[FirefoxDriver: firefox on WINDOWS (9bc5e151-185a-4742-8a9a-2d34172b39da)] -&amp;gt; xpath: //a[contains(text(),&amp;apos;Sign In&amp;apos;)]]
Session ID: 9bc5e151-185a-4742-8a9a-2d34172b39da">
      <![CDATA[org.openqa.selenium.StaleElementReferenceException: The element reference of <a href="https://magento.softwaretestingboard.com/customer/account/login/referer/aHR0cHM6Ly9tYWdlbnRvLnNvZnR3YXJldGVzdGluZ2JvYXJkLmNvbS8%2C/"> is stale; either the element is no longer attached to the DOM, it is not in the current frame context, or the document has been refreshed
For documentation on this error, please visit: https://selenium.dev/exceptions/#stale_element_reference
Build info: version: '4.5.0', revision: 'fe167b119a'
System info: os.name: 'Windows 10', os.arch: 'amd64', os.version: '10.0', java.version: '13.0.2'
Driver info: org.openqa.selenium.firefox.FirefoxDriver
Command: [9bc5e151-185a-4742-8a9a-2d34172b39da, clickElement {id=5b158fe2-8ff4-492a-beca-5f8808d5dbbf}]
Capabilities {acceptInsecureCerts: true, browserName: firefox, browserVersion: 108.0.2, moz:accessibilityChecks: false, moz:buildID: 20230104165113, moz:debuggerAddress: 127.0.0.1:60057, moz:geckodriverVersion: 0.32.0, moz:headless: false, moz:platformVersion: 10.0, moz:processID: 5540, moz:profile: C:\Users\91928\AppData\Loca..., moz:shutdownTimeout: 60000, moz:useNonSpecCompliantPointerOrigin: false, moz:webdriverClick: true, moz:windowless: false, pageLoadStrategy: normal, platformName: WINDOWS, proxy: Proxy(), se:cdp: ws://127.0.0.1:60057/devtoo..., se:cdpVersion: 85.0, setWindowRect: true, strictFileInteractability: false, timeouts: {implicit: 0, pageLoad: 300000, script: 30000}, unhandledPromptBehavior: dismiss and notify}
Element: [[FirefoxDriver: firefox on WINDOWS (9bc5e151-185a-4742-8a9a-2d34172b39da)] -> xpath: //a[contains(text(),'Sign In')]]
Session ID: 9bc5e151-185a-4742-8a9a-2d34172b39da
at org.openqa.selenium.remote.codec.w3c.W3CHttpResponseCodec.createException(W3CHttpResponseCodec.java:200)
at org.openqa.selenium.remote.codec.w3c.W3CHttpResponseCodec.decode(W3CHttpResponseCodec.java:133)
at org.openqa.selenium.remote.codec.w3c.W3CHttpResponseCodec.decode(W3CHttpResponseCodec.java:53)
at org.openqa.selenium.remote.HttpCommandExecutor.execute(HttpCommandExecutor.java:184)
at org.openqa.selenium.remote.service.DriverCommandExecutor.invokeExecute(DriverCommandExecutor.java:167)
at org.openqa.selenium.remote.service.DriverCommandExecutor.execute(DriverCommandExecutor.java:142)
at org.openqa.selenium.remote.RemoteWebDriver.execute(RemoteWebDriver.java:547)
at org.openqa.selenium.remote.RemoteWebElement.execute(RemoteWebElement.java:257)
at org.openqa.selenium.remote.RemoteWebElement.click(RemoteWebElement.java:78)
at org.openqa.selenium.support.pagefactory.internal.LocatingElementHandler.invoke(LocatingElementHandler.java:52)
at com.sun.proxy.$Proxy18.click(Unknown Source)
at com.nt.magento.actions.LoginPageActions.clickonsinginlink(LoginPageActions.java:24)
at com.nt.magento.tests.LoginPageTest.verifValidCustomerLogin(LoginPageTest.java:27)
at java.base/java.util.concurrent.ThreadPoolExecutor.runWorker(ThreadPoolExecutor.java:1128)
at java.base/java.util.concurrent.ThreadPoolExecutor$Worker.run(ThreadPoolExecutor.java:628)
at java.base/java.lang.Thread.run(Thread.java:830)
... Removed 21 stack frames]]>
    </failure>
  </testcase> <!-- verifValidCustomerLogin -->
  <testcase classname="com.nt.magento.tests.LoginPageTest" name="verifCustomerLoginText" time="18.354">
    <failure type="org.openqa.selenium.remote.UnreachableBrowserException" message="Error communicating with the remote browser. It may have died.
Build info: version: &amp;apos;4.5.0&amp;apos;, revision: &amp;apos;fe167b119a&amp;apos;
System info: os.name: &amp;apos;Windows 10&amp;apos;, os.arch: &amp;apos;amd64&amp;apos;, os.version: &amp;apos;10.0&amp;apos;, java.version: &amp;apos;13.0.2&amp;apos;
Driver info: org.openqa.selenium.firefox.FirefoxDriver
Command: [9bc5e151-185a-4742-8a9a-2d34172b39da, isElementDisplayed {id=6feb14c8-5588-4428-9fe6-cd901c46be81}]
Capabilities {acceptInsecureCerts: true, browserName: firefox, browserVersion: 108.0.2, moz:accessibilityChecks: false, moz:buildID: 20230104165113, moz:debuggerAddress: 127.0.0.1:60057, moz:geckodriverVersion: 0.32.0, moz:headless: false, moz:platformVersion: 10.0, moz:processID: 5540, moz:profile: C:\Users\91928\AppData\Loca..., moz:shutdownTimeout: 60000, moz:useNonSpecCompliantPointerOrigin: false, moz:webdriverClick: true, moz:windowless: false, pageLoadStrategy: normal, platformName: WINDOWS, proxy: Proxy(), se:cdp: ws://127.0.0.1:60057/devtoo..., se:cdpVersion: 85.0, setWindowRect: true, strictFileInteractability: false, timeouts: {implicit: 0, pageLoad: 300000, script: 30000}, unhandledPromptBehavior: dismiss and notify}
Element: [[FirefoxDriver: firefox on WINDOWS (9bc5e151-185a-4742-8a9a-2d34172b39da)] -&amp;gt; xpath: //span[text()=&amp;apos;Customer Login&amp;apos;]]
Session ID: 9bc5e151-185a-4742-8a9a-2d34172b39da">
      <![CDATA[org.openqa.selenium.remote.UnreachableBrowserException: Error communicating with the remote browser. It may have died.
Build info: version: '4.5.0', revision: 'fe167b119a'
System info: os.name: 'Windows 10', os.arch: 'amd64', os.version: '10.0', java.version: '13.0.2'
Driver info: org.openqa.selenium.firefox.FirefoxDriver
Command: [9bc5e151-185a-4742-8a9a-2d34172b39da, isElementDisplayed {id=6feb14c8-5588-4428-9fe6-cd901c46be81}]
Capabilities {acceptInsecureCerts: true, browserName: firefox, browserVersion: 108.0.2, moz:accessibilityChecks: false, moz:buildID: 20230104165113, moz:debuggerAddress: 127.0.0.1:60057, moz:geckodriverVersion: 0.32.0, moz:headless: false, moz:platformVersion: 10.0, moz:processID: 5540, moz:profile: C:\Users\91928\AppData\Loca..., moz:shutdownTimeout: 60000, moz:useNonSpecCompliantPointerOrigin: false, moz:webdriverClick: true, moz:windowless: false, pageLoadStrategy: normal, platformName: WINDOWS, proxy: Proxy(), se:cdp: ws://127.0.0.1:60057/devtoo..., se:cdpVersion: 85.0, setWindowRect: true, strictFileInteractability: false, timeouts: {implicit: 0, pageLoad: 300000, script: 30000}, unhandledPromptBehavior: dismiss and notify}
Element: [[FirefoxDriver: firefox on WINDOWS (9bc5e151-185a-4742-8a9a-2d34172b39da)] -> xpath: //span[text()='Customer Login']]
Session ID: 9bc5e151-185a-4742-8a9a-2d34172b39da
at org.openqa.selenium.remote.RemoteWebDriver.execute(RemoteWebDriver.java:571)
at org.openqa.selenium.remote.RemoteWebElement.execute(RemoteWebElement.java:257)
at org.openqa.selenium.remote.RemoteWebElement.isDisplayed(RemoteWebElement.java:313)
at org.openqa.selenium.support.pagefactory.internal.LocatingElementHandler.invoke(LocatingElementHandler.java:52)
at com.sun.proxy.$Proxy18.isDisplayed(Unknown Source)
at com.nt.magento.actions.LoginPageActions.validateCustomerLoginText(LoginPageActions.java:20)
at com.nt.magento.tests.LoginPageTest.verifCustomerLoginText(LoginPageTest.java:18)
at java.base/java.util.concurrent.ThreadPoolExecutor.runWorker(ThreadPoolExecutor.java:1128)
at java.base/java.util.concurrent.ThreadPoolExecutor$Worker.run(ThreadPoolExecutor.java:628)
at java.base/java.lang.Thread.run(Thread.java:830)
Caused by: java.io.UncheckedIOException: java.net.SocketException: Connection reset
at org.openqa.selenium.remote.http.netty.NettyHttpHandler.makeCall(NettyHttpHandler.java:73)
at org.openqa.selenium.remote.http.AddSeleniumUserAgent.lambda$apply$0(AddSeleniumUserAgent.java:42)
at org.openqa.selenium.remote.http.Filter.lambda$andFinally$1(Filter.java:56)
at org.openqa.selenium.remote.http.netty.NettyHttpHandler.execute(NettyHttpHandler.java:49)
at org.openqa.selenium.remote.http.AddSeleniumUserAgent.lambda$apply$0(AddSeleniumUserAgent.java:42)
at org.openqa.selenium.remote.http.Filter.lambda$andFinally$1(Filter.java:56)
at org.openqa.selenium.remote.http.netty.NettyClient.execute(NettyClient.java:99)
at org.openqa.selenium.remote.HttpCommandExecutor.execute(HttpCommandExecutor.java:181)
at org.openqa.selenium.remote.service.DriverCommandExecutor.invokeExecute(DriverCommandExecutor.java:167)
at org.openqa.selenium.remote.service.DriverCommandExecutor.execute(DriverCommandExecutor.java:142)
at org.openqa.selenium.remote.RemoteWebDriver.execute(RemoteWebDriver.java:547)
... 25 more
Caused by: java.net.SocketException: Connection reset
at java.base/sun.nio.ch.SocketChannelImpl.throwConnectionReset(SocketChannelImpl.java:345)
at java.base/sun.nio.ch.SocketChannelImpl.read(SocketChannelImpl.java:376)
at io.netty.buffer.PooledByteBuf.setBytes(PooledByteBuf.java:258)
at io.netty.buffer.AbstractByteBuf.writeBytes(AbstractByteBuf.java:1132)
at io.netty.channel.socket.nio.NioSocketChannel.doReadBytes(NioSocketChannel.java:357)
at io.netty.channel.nio.AbstractNioByteChannel$NioByteUnsafe.read(AbstractNioByteChannel.java:151)
at io.netty.channel.nio.NioEventLoop.processSelectedKey(NioEventLoop.java:722)
at io.netty.channel.nio.NioEventLoop.processSelectedKeysOptimized(NioEventLoop.java:658)
at io.netty.channel.nio.NioEventLoop.processSelectedKeys(NioEventLoop.java:584)
at io.netty.channel.nio.NioEventLoop.run(NioEventLoop.java:496)
at io.netty.util.concurrent.SingleThreadEventExecutor$4.run(SingleThreadEventExecutor.java:997)
at io.netty.util.internal.ThreadExecutorMap$2.run(ThreadExecutorMap.java:74)
at io.netty.util.concurrent.FastThreadLocalRunnable.run(FastThreadLocalRunnable.java:30)
... 1 more
... Removed 16 stack frames]]>
    </failure>
  </testcase> <!-- verifCustomerLoginText -->
  <testcase classname="com.nt.magento.tests.LoginPageTest" name="verifValidCustomerLogin" time="0.0">
    <skipped/>
  </testcase> <!-- verifValidCustomerLogin -->
</testsuite> <!-- Test2 -->
